0 info it worked if it ends with ok
1 verbose cli [ 'C:\\Program Files\\nodejs\\node.exe',
1 verbose cli   'C:\\Program Files\\nodejs\\node_modules\\npm\\bin\\npm-cli.js',
1 verbose cli   'install',
1 verbose cli   '--save',
1 verbose cli   '@angular/material',
1 verbose cli   '@angular/cdk' ]
2 info using npm@5.6.0
3 info using node@v8.9.4
4 verbose npm-session 1801e43af5f6ab03
5 silly install loadCurrentTree
6 silly install readLocalPackageData
7 silly fetchPackageMetaData error for @angular/material@github:angular/material2-builds Command failed: C:\Program Files\Git\cmd\git.EXE clone -q git://github.com/angular/material2-builds.git D:\_vibin_tfs_map\Solutions\Corp.Traveller\angular\Corp-Traveller-UI\min\_cacache\tmp\git-clone-796b51f3 --config core.longpaths=true
7 silly fetchPackageMetaData warning: templates not found C:\Users\vibin\AppData\Local\Temp\pacote-git-template-tmp\git-clone-09b2660d
7 silly fetchPackageMetaData fatal: early EOF
7 silly fetchPackageMetaData fatal: read error: Invalid argument
7 silly fetchPackageMetaData fatal: index-pack failed
8 info lifecycle @angular/cdk@6.4.0-cc33f57~prepack: @angular/cdk@6.4.0-cc33f57
9 info lifecycle @angular/cdk@6.4.0-cc33f57~postpack: @angular/cdk@6.4.0-cc33f57
10 silly pacote git manifest for @angular/cdk@github:angular/cdk-builds fetched in 23123ms
11 verbose stack Error: Command failed: C:\Program Files\Git\cmd\git.EXE clone -q git://github.com/angular/material2-builds.git D:\_vibin_tfs_map\Solutions\Corp.Traveller\angular\Corp-Traveller-UI\min\_cacache\tmp\git-clone-796b51f3 --config core.longpaths=true
11 verbose stack warning: templates not found C:\Users\vibin\AppData\Local\Temp\pacote-git-template-tmp\git-clone-09b2660d
11 verbose stack fatal: early EOF
11 verbose stack fatal: read error: Invalid argument
11 verbose stack fatal: index-pack failed
11 verbose stack
11 verbose stack     at ChildProcess.exithandler (child_process.js:275:12)
11 verbose stack     at emitTwo (events.js:126:13)
11 verbose stack     at ChildProcess.emit (events.js:214:7)
11 verbose stack     at maybeClose (internal/child_process.js:925:16)
11 verbose stack     at Process.ChildProcess._handle.onexit (internal/child_process.js:209:5)
12 verbose cwd D:\_vibin_tfs_map\Solutions\Corp.Traveller\angular\Corp-Traveller-UI
13 verbose Windows_NT 10.0.16299
14 verbose argv "C:\\Program Files\\nodejs\\node.exe" "C:\\Program Files\\nodejs\\node_modules\\npm\\bin\\npm-cli.js" "install" "--save" "@angular/material" "@angular/cdk"
15 verbose node v8.9.4
16 verbose npm  v5.6.0
17 error code 128
18 error Command failed: C:\Program Files\Git\cmd\git.EXE clone -q git://github.com/angular/material2-builds.git D:\_vibin_tfs_map\Solutions\Corp.Traveller\angular\Corp-Traveller-UI\min\_cacache\tmp\git-clone-796b51f3 --config core.longpaths=true
18 error warning: templates not found C:\Users\vibin\AppData\Local\Temp\pacote-git-template-tmp\git-clone-09b2660d
18 error fatal: early EOF
18 error fatal: read error: Invalid argument
18 error fatal: index-pack failed
19 verbose exit [ 1, true ]
